This is pdfTeX, Version 3.1415926-2.4-1.40.13 (TeX Live 2012/Debian) (format=pdflatex 2014.8.20)  19 NOV 2014 16:49
entering extended mode
 restricted \write18 enabled.
 %&-line parsing enabled.
**report.tex
(./report.tex
LaTeX2e <2011/06/27>
Babel <v3.8m> and hyphenation patterns for english, dumylang, nohyphenation, lo
aded.
(./acm_proc_article-sp.cls
(/usr/share/texlive/texmf-dist/tex/latex/graphics/epsfig.sty
Package: epsfig 1999/02/16 v1.7a (e)psfig emulation (SPQR)

(/usr/share/texlive/texmf-dist/tex/latex/graphics/graphicx.sty
Package: graphicx 1999/02/16 v1.0f Enhanced LaTeX Graphics (DPC,SPQR)

(/usr/share/texlive/texmf-dist/tex/latex/graphics/keyval.sty
Package: keyval 1999/03/16 v1.13 key=value parser (DPC)
\KV@toks@=\toks14
)
(/usr/share/texlive/texmf-dist/tex/latex/graphics/graphics.sty
Package: graphics 2009/02/05 v1.0o Standard LaTeX Graphics (DPC,SPQR)

(/usr/share/texlive/texmf-dist/tex/latex/graphics/trig.sty
Package: trig 1999/03/16 v1.09 sin cos tan (DPC)
)
(/usr/share/texlive/texmf-dist/tex/latex/latexconfig/graphics.cfg
File: graphics.cfg 2010/04/23 v1.9 graphics configuration of TeX Live
)
Package graphics Info: Driver file: pdftex.def on input line 91.

(/usr/share/texlive/texmf-dist/tex/latex/pdftex-def/pdftex.def
File: pdftex.def 2011/05/27 v0.06d Graphics/color for pdfTeX

(/usr/share/texlive/texmf-dist/tex/generic/oberdiek/infwarerr.sty
Package: infwarerr 2010/04/08 v1.3 Providing info/warning/error messages (HO)
)
(/usr/share/texlive/texmf-dist/tex/generic/oberdiek/ltxcmds.sty
Package: ltxcmds 2011/11/09 v1.22 LaTeX kernel commands for general use (HO)
)
\Gread@gobject=\count79
))
\Gin@req@height=\dimen102
\Gin@req@width=\dimen103
)
\epsfxsize=\dimen104
\epsfysize=\dimen105
)
(/usr/share/texlive/texmf-dist/tex/latex/amsfonts/amssymb.sty
Package: amssymb 2009/06/22 v3.00

(/usr/share/texlive/texmf-dist/tex/latex/amsfonts/amsfonts.sty
Package: amsfonts 2009/06/22 v3.00 Basic AMSFonts support
\@emptytoks=\toks15
\symAMSa=\mathgroup4
\symAMSb=\mathgroup5
LaTeX Font Info:    Overwriting math alphabet `\mathfrak' in version `bold'
(Font)                  U/euf/m/n --> U/euf/b/n on input line 96.
))
(/usr/share/texlive/texmf-dist/tex/latex/amsmath/amsmath.sty
Package: amsmath 2000/07/18 v2.13 AMS math features
\@mathmargin=\skip41

For additional information on amsmath, use the `?' option.
(/usr/share/texlive/texmf-dist/tex/latex/amsmath/amstext.sty
Package: amstext 2000/06/29 v2.01

(/usr/share/texlive/texmf-dist/tex/latex/amsmath/amsgen.sty
File: amsgen.sty 1999/11/30 v2.0
\@emptytoks=\toks16
\ex@=\dimen106
))
(/usr/share/texlive/texmf-dist/tex/latex/amsmath/amsbsy.sty
Package: amsbsy 1999/11/29 v1.2d
\pmbraise@=\dimen107
)
(/usr/share/texlive/texmf-dist/tex/latex/amsmath/amsopn.sty
Package: amsopn 1999/12/14 v2.01 operator names
)
\inf@bad=\count80
LaTeX Info: Redefining \frac on input line 211.
\uproot@=\count81
\leftroot@=\count82
LaTeX Info: Redefining \overline on input line 307.
\classnum@=\count83
\DOTSCASE@=\count84
LaTeX Info: Redefining \ldots on input line 379.
LaTeX Info: Redefining \dots on input line 382.
LaTeX Info: Redefining \cdots on input line 467.
\Mathstrutbox@=\box26
\strutbox@=\box27
\big@size=\dimen108
LaTeX Font Info:    Redeclaring font encoding OML on input line 567.
LaTeX Font Info:    Redeclaring font encoding OMS on input line 568.
\macc@depth=\count85
\c@MaxMatrixCols=\count86
\dotsspace@=\muskip10
\c@parentequation=\count87
\dspbrk@lvl=\count88
\tag@help=\toks17
\row@=\count89
\column@=\count90
\maxfields@=\count91
\andhelp@=\toks18
\eqnshift@=\dimen109
\alignsep@=\dimen110
\tagshift@=\dimen111
\tagwidth@=\dimen112
\totwidth@=\dimen113
\lineht@=\dimen114
\@envbody=\toks19
\multlinegap=\skip42
\multlinetaggap=\skip43
\mathdisplay@stack=\toks20
LaTeX Info: Redefining \[ on input line 2666.
LaTeX Info: Redefining \] on input line 2667.
)
Document Class 'acm_proc_article-sp' <22nd. April '09>. Modified by G.K.M. Tobi
n
Based in part upon document Style `acmconf' <22 May 89>. Hacked 4/91 by
shivers@cs.cmu.edu, 4/93 by theobald@cs.mcgill.ca
Excerpts were taken from (Journal Style) 'esub2acm.cls'.
****** Bugs/comments/suggestions to Gerry Murray -- murray@hq.acm.org ******
\footheight=\dimen115
\@maxsep=\dimen116
\@dblmaxsep=\dimen117
\aucount=\count92
\originalaucount=\count93
\auwidth=\dimen118
\auskip=\dimen119
\auskipcount=\count94
\auskip=\dimen120
\allauboxes=\dimen121
\addauthors=\toks21
\addauflag=\count95
\subtitletext=\toks22
\savesection=\count96
\sectioncntr=\count97
\c@figure=\count98
\c@table=\count99
\titleboxnotes=\toks23
\titleboxnoteflag=\count100
Document Class: acm_proc_article-sp 2009/04/22 - V3.2SP - based on esub2acm.sty
 <23 April 96>
(/usr/share/texlive/texmf-dist/tex/latex/base/latexsym.sty
Package: latexsym 1998/08/17 v2.2e Standard LaTeX package (lasy symbols)
\symlasy=\mathgroup6
LaTeX Font Info:    Overwriting symbol font `lasy' in version `bold'
(Font)                  U/lasy/m/n --> U/lasy/b/n on input line 47.
)
\@acmtitlebox=\box28
\titlenotecount=\count101
\tntoks=\toks24
\tntokstwo=\toks25
\tntoksthree=\toks26
\tntoksfour=\toks27
\tntoksfive=\toks28
\catcount=\count102
\copyrightnotice=\toks29
\conf=\toks30
\confinfo=\toks31
\c@part=\count103
\c@section=\count104
\c@subsection=\count105
\c@subsubsection=\count106
\c@paragraph=\count107

Using 'Abbrev' bibliography style
LaTeX Info: Redefining \cite on input line 1236.
\bibindent=\dimen122
\colcntr=\count108
\saveb@x=\box29
\copyrtyr=\toks32
\acmcopyr=\toks33
\boilerplate=\toks34
\copyrightetc=\toks35
(/usr/share/texlive/texmf-dist/tex/latex/base/fontenc.sty
Package: fontenc 2005/09/27 v1.99g Standard LaTeX package

(/usr/share/texlive/texmf-dist/tex/latex/base/t1enc.def
File: t1enc.def 2005/09/27 v1.99g Standard LaTeX file
LaTeX Font Info:    Redeclaring font encoding T1 on input line 43.
)
LaTeX Font Info:    Try loading font information for T1+aer on input line 100.

(/usr/share/texlive/texmf-dist/tex/latex/ae/t1aer.fd
File: t1aer.fd 1997/11/16 Font definitions for T1/aer.
)))
(/usr/share/texlive/texmf-dist/tex/latex/caption/caption.sty
Package: caption 2012/02/19 v3.2f Customizing captions (AR)

(/usr/share/texlive/texmf-dist/tex/latex/caption/caption3.sty
Package: caption3 2012/01/12 v1.4b caption3 kernel (AR)
\captionmargin=\dimen123
\captionmargin@=\dimen124
\captionwidth=\dimen125
\caption@indent=\dimen126
\caption@parindent=\dimen127
\caption@hangindent=\dimen128
\abovecaptionskip=\skip44
\belowcaptionskip=\skip45
Package caption Info: Unknown document class (or package),
(caption)             standard defaults will be used.
)

Package caption Warning: Unsupported document class (or package) detected,
(caption)                usage of the caption package is not recommended.
See the caption package documentation for explanation.

Package caption Info: \@makecaption = \long macro:#1#2-> \vskip \baselineskip \
setbox \@tempboxa \hbox {\textbf {#1: #2}} \ifdim \wd \@tempboxa >\hsize \textb
f {#1: #2}\par \else \hbox to\hsize {\hfil \box \@tempboxa \hfil }\par \fi .
\c@ContinuedFloat=\count109
) (/usr/share/texlive/texmf-dist/tex/latex/caption/subcaption.sty
Package: subcaption 2012/01/12 v1.1d Sub-captions (AR)
\c@subfigure=\count110
\c@subtable=\count111
)
(./algorithm2e.sty
Package: algorithm2e 2013/01/06 v5.00 algorithms environments
\c@AlgoLine=\count112
 (/usr/share/texlive/texmf-dist/tex/latex/base/ifthen.sty
Package: ifthen 2001/05/26 v1.1c Standard LaTeX ifthen package (DPC)
)
(/usr/share/texlive/texmf-dist/tex/latex/tools/xspace.sty
Package: xspace 2009/10/20 v1.13 Space after command names (DPC,MH)
)
(/usr/share/texlive/texmf-dist/tex/latex/relsize/relsize.sty
Package: relsize 2011/09/21 ver 4.0

Examine \normalsize starts \@setfontsize size may be \@ixpt. 
Examine \small starts \@setsize size may be 9pt. 
Examine \footnotesize starts \@setsize size may be 9pt. 
Examine \large starts \@setfontsize size may be \@xiipt. 
Examine \Large starts \@setfontsize size may be \@xivpt. 
Examine \LARGE starts \@setfontsize size may be \@xviipt. 
Examine \scriptsize starts \@setfontsize size may be \@viipt. 
Examine \tiny starts \@setfontsize size may be \@vpt. 
Examine \huge starts \@setfontsize size may be \@xxpt. 
Examine \Huge starts \@setfontsize size may be \@xxvpt. 

Package relsize Warning: Failed to get list of defined font sizes.
(relsize)                Size scaling will attempt arbitrary sizes..

)
********************************************************
Package `algorithm2e' Release 5.0 -- january 06 2013 --
- algorithm2e-announce@lirmm.fr mailing list for announcement about releases
- algorithm2e-discussion@lirmm.fr mailing list for discussion about package
subscribe by emailing sympa@lirmm.fr with 'subscribe <list> <firstname name>'
- Author: Christophe Fiorio (cfiorio@um2.fr)
********************************************************
\skiptotal=\skip46
\skiplinenumber=\skip47
\skiprule=\skip48
\skiphlne=\skip49
\skiptext=\skip50
\skiplength=\skip51
\algomargin=\skip52
\skipalgocfslide=\skip53
\algowidth=\dimen129
\inoutsize=\dimen130
\inoutindent=\dimen131
\interspacetitleruled=\dimen132
\interspacealgoruled=\dimen133
\interspacetitleboxruled=\dimen134
\algocf@inoutbox=\box30
\algocf@inputbox=\box31
\AlCapSkip=\skip54
\AlCapHSkip=\skip55
\algoskipindent=\skip56
\algocf@nlbox=\box32
\algocf@hangingbox=\box33
\algocf@untilbox=\box34
\algocf@skipuntil=\skip57
\algocf@capbox=\box35
\algoheightruledefault=\skip58
\algoheightrule=\skip59
\algotitleheightruledefault=\skip60
\algotitleheightrule=\skip61
\c@algocfline=\count113
\c@algocfproc=\count114
\c@algocf=\count115
\algocf@algoframe=\box36
\algocf@algobox=\box37
) (./report.aux)
\openout1 = `report.aux'.

LaTeX Font Info:    Checking defaults for OML/cmm/m/it on input line 5.
LaTeX Font Info:    ... okay on input line 5.
LaTeX Font Info:    Checking defaults for T1/cmr/m/n on input line 5.
LaTeX Font Info:    ... okay on input line 5.
LaTeX Font Info:    Checking defaults for OT1/cmr/m/n on input line 5.
LaTeX Font Info:    ... okay on input line 5.
LaTeX Font Info:    Checking defaults for OMS/cmsy/m/n on input line 5.
LaTeX Font Info:    ... okay on input line 5.
LaTeX Font Info:    Checking defaults for OMX/cmex/m/n on input line 5.
LaTeX Font Info:    ... okay on input line 5.
LaTeX Font Info:    Checking defaults for U/cmr/m/n on input line 5.
LaTeX Font Info:    ... okay on input line 5.
 (/usr/share/texlive/texmf-dist/tex/context/base/supp-pdf.mkii
[Loading MPS to PDF converter (version 2006.09.02).]
\scratchcounter=\count116
\scratchdimen=\dimen135
\scratchbox=\box38
\nofMPsegments=\count117
\nofMParguments=\count118
\everyMPshowfont=\toks36
\MPscratchCnt=\count119
\MPscratchDim=\dimen136
\MPnumerator=\count120
\makeMPintoPDFobject=\count121
\everyMPtoPDFconversion=\toks37
) (/usr/share/texlive/texmf-dist/tex/generic/oberdiek/pdftexcmds.sty
Package: pdftexcmds 2011/11/29 v0.20 Utility functions of pdfTeX for LuaTeX (HO
)

(/usr/share/texlive/texmf-dist/tex/generic/oberdiek/ifluatex.sty
Package: ifluatex 2010/03/01 v1.3 Provides the ifluatex switch (HO)
Package ifluatex Info: LuaTeX not detected.
)
(/usr/share/texlive/texmf-dist/tex/generic/oberdiek/ifpdf.sty
Package: ifpdf 2011/01/30 v2.3 Provides the ifpdf switch (HO)
Package ifpdf Info: pdfTeX in PDF mode is detected.
)
Package pdftexcmds Info: LuaTeX not detected.
Package pdftexcmds Info: \pdf@primitive is available.
Package pdftexcmds Info: \pdf@ifprimitive is available.
Package pdftexcmds Info: \pdfdraftmode found.
)
(/usr/share/texlive/texmf-dist/tex/latex/oberdiek/epstopdf-base.sty
Package: epstopdf-base 2010/02/09 v2.5 Base part for package epstopdf

(/usr/share/texlive/texmf-dist/tex/latex/oberdiek/grfext.sty
Package: grfext 2010/08/19 v1.1 Manage graphics extensions (HO)

(/usr/share/texlive/texmf-dist/tex/generic/oberdiek/kvdefinekeys.sty
Package: kvdefinekeys 2011/04/07 v1.3 Define keys (HO)
))
(/usr/share/texlive/texmf-dist/tex/latex/oberdiek/kvoptions.sty
Package: kvoptions 2011/06/30 v3.11 Key value format for package options (HO)

(/usr/share/texlive/texmf-dist/tex/generic/oberdiek/kvsetkeys.sty
Package: kvsetkeys 2012/04/25 v1.16 Key value parser (HO)

(/usr/share/texlive/texmf-dist/tex/generic/oberdiek/etexcmds.sty
Package: etexcmds 2011/02/16 v1.5 Avoid name clashes with e-TeX commands (HO)
Package etexcmds Info: Could not find \expanded.
(etexcmds)             That can mean that you are not using pdfTeX 1.50 or
(etexcmds)             that some package has redefined \expanded.
(etexcmds)             In the latter case, load this package earlier.
)))
Package grfext Info: Graphics extension search list:
(grfext)             [.png,.pdf,.jpg,.mps,.jpeg,.jbig2,.jb2,.PNG,.PDF,.JPG,.JPE
G,.JBIG2,.JB2,.eps]
(grfext)             \AppendGraphicsExtensions on input line 452.

(/usr/share/texlive/texmf-dist/tex/latex/latexconfig/epstopdf-sys.cfg
File: epstopdf-sys.cfg 2010/07/13 v1.3 Configuration of (r)epstopdf for TeX Liv
e
))
Package caption Info: Begin \AtBeginDocument code.
Package caption Info: End \AtBeginDocument code.
LaTeX Font Info:    Try loading font information for U+msa on input line 27.

(/usr/share/texlive/texmf-dist/tex/latex/amsfonts/umsa.fd
File: umsa.fd 2009/06/22 v3.00 AMS symbols A
)
LaTeX Font Info:    Try loading font information for U+msb on input line 27.

(/usr/share/texlive/texmf-dist/tex/latex/amsfonts/umsb.fd
File: umsb.fd 2009/06/22 v3.00 AMS symbols B
)
LaTeX Font Info:    Try loading font information for U+lasy on input line 27.

(/usr/share/texlive/texmf-dist/tex/latex/base/ulasy.fd
File: ulasy.fd 1998/08/17 v2.2e LaTeX symbol font definitions
)
Overfull \hbox (6.36156pt too wide) in paragraph at lines 61--64
\T1/aer/m/n/9 The re-in-force-ment learn-ing frame-work in-volves an agent lear
n-
 []

[1{/var/lib/texmf/fonts/map/pdftex/updmap/pdftex.map}


]

LaTeX Warning: `!h' float specifier changed to `!ht'.

[2] <GiantOp1.png, id=22, 846.16125pt x 836.12375pt>
File: GiantOp1.png Graphic file (type png)
 <use GiantOp1.png>
Package pdftex.def Info: GiantOp1.png used on input line 165.
(pdftex.def)             Requested size: 144.54pt x 142.81534pt.

<GiantOption1Pol.png, id=24, 633.86812pt x 628.59843pt>
File: GiantOption1Pol.png Graphic file (type png)

<use GiantOption1Pol.png>
Package pdftex.def Info: GiantOption1Pol.png used on input line 170.
(pdftex.def)             Requested size: 144.54pt x 143.33727pt.
 <GiantOp2.png, id=25, 847.165pt x 838.13126pt>
File: GiantOp2.png Graphic file (type png)

<use GiantOp2.png>
Package pdftex.def Info: GiantOp2.png used on input line 176.
(pdftex.def)             Requested size: 144.54pt x 142.99197pt.
 <GiantOp2Pol.png, id=26, 633.86812pt x 626.34pt>
File: GiantOp2Pol.png Graphic file (type png)

<use GiantOp2Pol.png>
Package pdftex.def Info: GiantOp2Pol.png used on input line 182.
(pdftex.def)             Requested size: 144.54pt x 142.82228pt.

Overfull \hbox (2.05199pt too wide) in paragraph at lines 163--185
[]$  $[]$ 
 []

<Grid.PNG, id=27, 274.02374pt x 275.52937pt>
File: Grid.PNG Graphic file (type png)
 <use Grid.PNG>
Package pdftex.def Info: Grid.PNG used on input line 200.
(pdftex.def)             Requested size: 144.54pt x 145.33617pt.

Underfull \hbox (badness 1502) in paragraph at lines 201--201
[]\T1/aer/m/n/8 (a) |Grid world with in-ter-est-ing area
 []


Underfull \hbox (badness 2707) in paragraph at lines 201--201
\T1/aer/m/n/8 (Grey squares) and ob-sta-cles (Black
 []

<no_int_area.png, id=28, 632.3625pt x 625.58719pt>
File: no_int_area.png Graphic file (type png)
 <use no_int_area.png>
Package pdftex.def Info: no_int_area.png used on input line 205.
(pdftex.def)             Requested size: 144.54pt x 142.98473pt.

<int_area.png, id=29, 632.3625pt x 625.58719pt>
File: int_area.png Graphic file (type png)
 <use int_area.png>
Package pdftex.def Info: int_area.png used on input line 211.
(pdftex.def)             Requested size: 144.54pt x 142.98473pt.

Underfull \vbox (badness 10000) has occurred while \output is active []

 [3]
[4 <./GiantOp1.png> <./GiantOption1Pol.png> <./GiantOp2.png> <./GiantOp2Pol.png
> <./Grid.PNG> <./no_int_area.png> <./int_area.png>]
<ops.png, id=46, 846.16125pt x 837.1275pt>
File: ops.png Graphic file (type png)
 <use ops.png>
Package pdftex.def Info: ops.png used on input line 229.
(pdftex.def)             Requested size: 144.54pt x 142.98679pt.

<return.jpeg, id=47, 1204.5pt x 903.375pt>
File: return.jpeg Graphic file (type jpg)
 <use return.jpeg>
Package pdftex.def Info: return.jpeg used on input line 234.
(pdftex.def)             Requested size: 252.94499pt x 189.70056pt.

Overfull \hbox (26.14653pt too wide) in paragraph at lines 234--235
 [][] 
 []

<pol18.jpeg, id=48, 1204.5pt x 903.375pt>
File: pol18.jpeg Graphic file (type jpg)
 <use pol18.jpeg>
Package pdftex.def Info: pol18.jpeg used on input line 240.
(pdftex.def)             Requested size: 252.94499pt x 189.70056pt.

Overfull \hbox (26.14653pt too wide) in paragraph at lines 240--241
 [][] 
 []

<Q18.jpeg, id=49, 1204.5pt x 903.375pt>
File: Q18.jpeg Graphic file (type jpg)
 <use Q18.jpeg>
Package pdftex.def Info: Q18.jpeg used on input line 246.
(pdftex.def)             Requested size: 252.94499pt x 189.70056pt.

Overfull \hbox (26.14653pt too wide) in paragraph at lines 246--247
 [][] 
 []

<pol50.jpeg, id=50, 1204.5pt x 903.375pt>
File: pol50.jpeg Graphic file (type jpg)
 <use pol50.jpeg>
Package pdftex.def Info: pol50.jpeg used on input line 252.
(pdftex.def)             Requested size: 252.94499pt x 189.70056pt.

Overfull \hbox (26.14653pt too wide) in paragraph at lines 252--253
 [][] 
 []

<Q50.jpeg, id=51, 1204.5pt x 903.375pt>
File: Q50.jpeg Graphic file (type jpg)
 <use Q50.jpeg>
Package pdftex.def Info: Q50.jpeg used on input line 258.
(pdftex.def)             Requested size: 252.94499pt x 189.70056pt.

Overfull \hbox (26.14653pt too wide) in paragraph at lines 258--259
 [][] 
 []


LaTeX Warning: Float too large for page by 46.10167pt on input line 263.

<BlockEnv.png, id=52, 2068.72874pt x 1897.0875pt>
File: BlockEnv.png Graphic file (type png)
 <use BlockEnv.png>
Package pdftex.def Info: BlockEnv.png used on input line 275.
(pdftex.def)             Requested size: 505.89pt x 463.90762pt.

Overfull \hbox (102.68846pt too wide) in paragraph at lines 275--276
 [][] 
 []

<good.png, id=53, 578.16pt x 433.62pt>
File: good.png Graphic file (type png)
 <use good.png>
Package pdftex.def Info: good.png used on input line 280.
(pdftex.def)             Requested size: 252.94499pt x 189.70828pt.

Overfull \hbox (26.14653pt too wide) in paragraph at lines 280--281
 [][] 
 []

<bad.png, id=54, 578.16pt x 433.62pt>
File: bad.png Graphic file (type png)
 <use bad.png>
Package pdftex.def Info: bad.png used on input line 286.
(pdftex.def)             Requested size: 252.94499pt x 189.70828pt.

Overfull \hbox (26.14653pt too wide) in paragraph at lines 286--287
 [][] 
 []


Underfull \hbox (badness 10000) in paragraph at lines 273--289
[]$[]$
 []


LaTeX Warning: Float too large for page by 87.61589pt on input line 291.

<GiantSiftt3.png, id=55, 634.62094pt x 627.09282pt>
File: GiantSiftt3.png Graphic file (type png)
 <use GiantSiftt3.png>
Package pdftex.def Info: GiantSiftt3.png used on input line 300.
(pdftex.def)             Requested size: 216.81pt x 214.23257pt.

Overfull \hbox (15.21307pt too wide) in paragraph at lines 300--301
 [][] 
 []

<GiantSift3.png, id=56, 632.3625pt x 625.58719pt>
File: GiantSift3.png Graphic file (type png)
 <use GiantSift3.png>
Package pdftex.def Info: GiantSift3.png used on input line 305.
(pdftex.def)             Requested size: 216.81pt x 214.48187pt.

Overfull \hbox (15.21307pt too wide) in paragraph at lines 305--306
 [][] 
 []


Underfull \vbox (badness 10000) has occurred while \output is active []


(./report.bbl) [5] [6 <./ops.png> <./return.jpeg> <./pol18.jpeg> <./Q18.jpeg> <
./pol50.jpeg> <./Q50.jpeg>] [7 <./BlockEnv.png> <./good.png> <./bad.png>]
[8 <./GiantSiftt3.png> <./GiantSift3.png>] (./report.aux) ) 
Here is how much of TeX's memory you used:
 5339 strings out of 495059
 75003 string characters out of 3182030
 164656 words of memory out of 3000000
 8408 multiletter control sequences out of 15000+200000
 51513 words of font info for 71 fonts, out of 3000000 for 9000
 14 hyphenation exceptions out of 8191
 41i,20n,38p,1027b,448s stack positions out of 5000i,500n,10000p,200000b,50000s
{/usr/share/texlive/
texmf-dist/fonts/enc/dvips/base/8r.enc}</usr/share/texlive/texmf-dist/fonts/typ
e1/public/amsfonts/cm/cmbx9.pfb></usr/share/texlive/texmf-dist/fonts/type1/publ
ic/amsfonts/cmextra/cmex9.pfb></usr/share/texlive/texmf-dist/fonts/type1/public
/amsfonts/cm/cmmi5.pfb></usr/share/texlive/texmf-dist/fonts/type1/public/amsfon
ts/cm/cmmi6.pfb></usr/share/texlive/texmf-dist/fonts/type1/public/amsfonts/cm/c
mmi9.pfb></usr/share/texlive/texmf-dist/fonts/type1/public/amsfonts/cm/cmr5.pfb
></usr/share/texlive/texmf-dist/fonts/type1/public/amsfonts/cm/cmr6.pfb></usr/s
hare/texlive/texmf-dist/fonts/type1/public/amsfonts/cm/cmr8.pfb></usr/share/tex
live/texmf-dist/fonts/type1/public/amsfonts/cm/cmr9.pfb></usr/share/texlive/tex
mf-dist/fonts/type1/public/amsfonts/cm/cmsy6.pfb></usr/share/texlive/texmf-dist
/fonts/type1/public/amsfonts/cm/cmsy9.pfb></usr/share/texlive/texmf-dist/fonts/
type1/public/amsfonts/cm/cmti9.pfb></usr/share/texlive/texmf-dist/fonts/type1/u
rw/helvetic/uhvb8a.pfb></usr/share/texlive/texmf-dist/fonts/type1/urw/helvetic/
uhvr8a.pfb></usr/share/texlive/texmf-dist/fonts/type1/urw/times/utmb8a.pfb></us
r/share/texlive/texmf-dist/fonts/type1/urw/times/utmri8a.pfb>
Output written on report.pdf (8 pages, 1216374 bytes).
PDF statistics:
 128 PDF objects out of 1000 (max. 8388607)
 70 compressed objects within 1 object stream
 0 named destinations out of 1000 (max. 500000)
 91 words of extra memory for PDF output out of 10000 (max. 10000000)

